
[0m[1mInitializing the backend...[0m

[0m[1mInitializing provider plugins...[0m
- Reusing previous version of hashicorp/random from the dependency lock file
- Reusing previous version of hashicorp/google from the dependency lock file
- Reusing previous version of hashicorp/google-beta from the dependency lock file
- Using previously-installed hashicorp/random v3.7.2
- Using previously-installed hashicorp/google v5.45.2
- Using previously-installed hashicorp/google-beta v5.45.2

[0m[1m[32mTerraform has been successfully initialized![0m[32m[0m
[0m[32m
You may now begin working with Terraform. Try running "terraform plan" to see
any changes that are required for your infrastructure. All Terraform commands
should now work.

If you ever set or change modules or backend configuration for Terraform,
rerun this command to reinitialize your working directory. If you forget, other
commands will detect it and remind you to do so if necessary.[0m
[32m[1mSuccess![0m The configuration is valid.
[0m

Terraform used the selected providers to generate the following execution
plan. Resource actions are indicated with the following symbols:
  [32m+[0m create[0m

Terraform will perform the following actions:

[1m  # google_bigquery_dataset.iq_ha_logs[0m will be created
[0m  [32m+[0m[0m resource "google_bigquery_dataset" "iq_ha_logs" {
      [32m+[0m[0m creation_time               = (known after apply)
      [32m+[0m[0m dataset_id                  = "nexus_iq_ha_logs"
      [32m+[0m[0m default_collation           = (known after apply)
      [32m+[0m[0m default_table_expiration_ms = 2592000000
      [32m+[0m[0m delete_contents_on_destroy  = false
      [32m+[0m[0m description                 = "Dataset for Nexus IQ HA log analysis"
      [32m+[0m[0m effective_labels            = {
          [32m+[0m[0m "component"   = "nexus-iq-ha-logging"
          [32m+[0m[0m "cost-center" = "engineering"
          [32m+[0m[0m "environment" = "prod"
          [32m+[0m[0m "managed-by"  = "terraform"
          [32m+[0m[0m "team"        = "platform"
        }
      [32m+[0m[0m etag                        = (known after apply)
      [32m+[0m[0m id                          = (known after apply)
      [32m+[0m[0m is_case_insensitive         = (known after apply)
      [32m+[0m[0m labels                      = {
          [32m+[0m[0m "component"   = "nexus-iq-ha-logging"
          [32m+[0m[0m "cost-center" = "engineering"
          [32m+[0m[0m "environment" = "prod"
          [32m+[0m[0m "managed-by"  = "terraform"
          [32m+[0m[0m "team"        = "platform"
        }
      [32m+[0m[0m last_modified_time          = (known after apply)
      [32m+[0m[0m location                    = "us-central1"
      [32m+[0m[0m max_time_travel_hours       = (known after apply)
      [32m+[0m[0m project                     = "nxrm-support-gcp-deployments"
      [32m+[0m[0m self_link                   = (known after apply)
      [32m+[0m[0m storage_billing_model       = (known after apply)
      [32m+[0m[0m terraform_labels            = {
          [32m+[0m[0m "component"   = "nexus-iq-ha-logging"
          [32m+[0m[0m "cost-center" = "engineering"
          [32m+[0m[0m "environment" = "prod"
          [32m+[0m[0m "managed-by"  = "terraform"
          [32m+[0m[0m "team"        = "platform"
        }
    }

[1m  # google_bigquery_dataset_iam_member.iq_ha_logs_writer[0m will be created
[0m  [32m+[0m[0m resource "google_bigquery_dataset_iam_member" "iq_ha_logs_writer" {
      [32m+[0m[0m dataset_id = "nexus_iq_ha_logs"
      [32m+[0m[0m etag       = (known after apply)
      [32m+[0m[0m id         = (known after apply)
      [32m+[0m[0m member     = (known after apply)
      [32m+[0m[0m project    = (known after apply)
      [32m+[0m[0m role       = "roles/bigquery.dataEditor"
    }

[1m  # google_compute_backend_service.iq_ha_backend[0m will be created
[0m  [32m+[0m[0m resource "google_compute_backend_service" "iq_ha_backend" {
      [32m+[0m[0m connection_draining_timeout_sec = 300
      [32m+[0m[0m creation_timestamp              = (known after apply)
      [32m+[0m[0m description                     = "Backend service for Nexus IQ HA"
      [32m+[0m[0m enable_cdn                      = false
      [32m+[0m[0m fingerprint                     = (known after apply)
      [32m+[0m[0m generated_id                    = (known after apply)
      [32m+[0m[0m health_checks                   = (known after apply)
      [32m+[0m[0m id                              = (known after apply)
      [32m+[0m[0m load_balancing_scheme           = "EXTERNAL_MANAGED"
      [32m+[0m[0m name                            = "ref-arch-iq-ha-backend"
      [32m+[0m[0m port_name                       = "http"
      [32m+[0m[0m project                         = "nxrm-support-gcp-deployments"
      [32m+[0m[0m protocol                        = "HTTP"
      [32m+[0m[0m self_link                       = (known after apply)
      [32m+[0m[0m session_affinity                = "CLIENT_IP"
      [32m+[0m[0m timeout_sec                     = 30

      [32m+[0m[0m backend {
          [32m+[0m[0m balancing_mode               = "UTILIZATION"
          [32m+[0m[0m capacity_scaler              = 1
          [32m+[0m[0m group                        = (known after apply)
          [32m+[0m[0m max_connections              = (known after apply)
          [32m+[0m[0m max_connections_per_endpoint = (known after apply)
          [32m+[0m[0m max_connections_per_instance = (known after apply)
          [32m+[0m[0m max_rate                     = (known after apply)
          [32m+[0m[0m max_rate_per_endpoint        = (known after apply)
          [32m+[0m[0m max_rate_per_instance        = (known after apply)
          [32m+[0m[0m max_utilization              = 0.8
        }

      [32m+[0m[0m log_config {
          [32m+[0m[0m enable      = true
          [32m+[0m[0m sample_rate = 1
        }
    }

[1m  # google_compute_firewall.allow_health_check[0m will be created
[0m  [32m+[0m[0m resource "google_compute_firewall" "allow_health_check" {
      [32m+[0m[0m creation_timestamp = (known after apply)
      [32m+[0m[0m description        = "Allow health checks from Google Cloud Load Balancer"
      [32m+[0m[0m destination_ranges = (known after apply)
      [32m+[0m[0m direction          = (known after apply)
      [32m+[0m[0m enable_logging     = (known after apply)
      [32m+[0m[0m id                 = (known after apply)
      [32m+[0m[0m name               = "ref-arch-iq-ha-allow-health-check"
      [32m+[0m[0m network            = "ref-arch-iq-ha-vpc"
      [32m+[0m[0m priority           = 1000
      [32m+[0m[0m project            = "nxrm-support-gcp-deployments"
      [32m+[0m[0m self_link          = (known after apply)
      [32m+[0m[0m source_ranges      = [
          [32m+[0m[0m "130.211.0.0/22",
          [32m+[0m[0m "35.191.0.0/16",
        ]
      [32m+[0m[0m target_tags        = [
          [32m+[0m[0m "allow-health-check",
          [32m+[0m[0m "nexus-iq-ha",
        ]

      [32m+[0m[0m allow {
          [32m+[0m[0m ports    = [
              [32m+[0m[0m "8070",
              [32m+[0m[0m "8071",
            ]
          [32m+[0m[0m protocol = "tcp"
        }
    }

[1m  # google_compute_firewall.allow_internal[0m will be created
[0m  [32m+[0m[0m resource "google_compute_firewall" "allow_internal" {
      [32m+[0m[0m creation_timestamp = (known after apply)
      [32m+[0m[0m description        = "Allow internal communication between Nexus IQ instances"
      [32m+[0m[0m destination_ranges = (known after apply)
      [32m+[0m[0m direction          = (known after apply)
      [32m+[0m[0m enable_logging     = (known after apply)
      [32m+[0m[0m id                 = (known after apply)
      [32m+[0m[0m name               = "ref-arch-iq-ha-allow-internal"
      [32m+[0m[0m network            = "ref-arch-iq-ha-vpc"
      [32m+[0m[0m priority           = 1000
      [32m+[0m[0m project            = "nxrm-support-gcp-deployments"
      [32m+[0m[0m self_link          = (known after apply)
      [32m+[0m[0m source_ranges      = [
          [32m+[0m[0m "10.200.10.0/24",
          [32m+[0m[0m "10.200.11.0/24",
          [32m+[0m[0m "10.200.12.0/24",
        ]
      [32m+[0m[0m target_tags        = [
          [32m+[0m[0m "nexus-iq-ha",
        ]

      [32m+[0m[0m allow {
          [32m+[0m[0m ports    = [
              [32m+[0m[0m "8070",
              [32m+[0m[0m "8071",
            ]
          [32m+[0m[0m protocol = "tcp"
        }
      [32m+[0m[0m allow {
          [32m+[0m[0m ports    = []
          [32m+[0m[0m protocol = "icmp"
        }
    }

[1m  # google_compute_firewall.allow_load_balancer[0m will be created
[0m  [32m+[0m[0m resource "google_compute_firewall" "allow_load_balancer" {
      [32m+[0m[0m creation_timestamp = (known after apply)
      [32m+[0m[0m description        = "Allow traffic from load balancer to Nexus IQ instances"
      [32m+[0m[0m destination_ranges = (known after apply)
      [32m+[0m[0m direction          = (known after apply)
      [32m+[0m[0m enable_logging     = (known after apply)
      [32m+[0m[0m id                 = (known after apply)
      [32m+[0m[0m name               = "ref-arch-iq-ha-allow-load-balancer"
      [32m+[0m[0m network            = "ref-arch-iq-ha-vpc"
      [32m+[0m[0m priority           = 1000
      [32m+[0m[0m project            = "nxrm-support-gcp-deployments"
      [32m+[0m[0m self_link          = (known after apply)
      [32m+[0m[0m source_ranges      = [
          [32m+[0m[0m "0.0.0.0/0",
        ]
      [32m+[0m[0m target_tags        = [
          [32m+[0m[0m "nexus-iq-ha",
        ]

      [32m+[0m[0m allow {
          [32m+[0m[0m ports    = [
              [32m+[0m[0m "8070",
            ]
          [32m+[0m[0m protocol = "tcp"
        }
    }

[1m  # google_compute_firewall.allow_outbound[0m will be created
[0m  [32m+[0m[0m resource "google_compute_firewall" "allow_outbound" {
      [32m+[0m[0m creation_timestamp = (known after apply)
      [32m+[0m[0m description        = "Allow outbound internet access for Nexus IQ instances"
      [32m+[0m[0m destination_ranges = [
          [32m+[0m[0m "0.0.0.0/0",
        ]
      [32m+[0m[0m direction          = "EGRESS"
      [32m+[0m[0m enable_logging     = (known after apply)
      [32m+[0m[0m id                 = (known after apply)
      [32m+[0m[0m name               = "ref-arch-iq-ha-allow-outbound"
      [32m+[0m[0m network            = "ref-arch-iq-ha-vpc"
      [32m+[0m[0m priority           = 1000
      [32m+[0m[0m project            = "nxrm-support-gcp-deployments"
      [32m+[0m[0m self_link          = (known after apply)
      [32m+[0m[0m target_tags        = [
          [32m+[0m[0m "nexus-iq-ha",
        ]

      [32m+[0m[0m allow {
          [32m+[0m[0m ports    = [
              [32m+[0m[0m "53",
            ]
          [32m+[0m[0m protocol = "udp"
        }
      [32m+[0m[0m allow {
          [32m+[0m[0m ports    = [
              [32m+[0m[0m "5432",
            ]
          [32m+[0m[0m protocol = "tcp"
        }
      [32m+[0m[0m allow {
          [32m+[0m[0m ports    = [
              [32m+[0m[0m "80",
              [32m+[0m[0m "443",
            ]
          [32m+[0m[0m protocol = "tcp"
        }
    }

[1m  # google_compute_firewall.allow_ssh[0m will be created
[0m  [32m+[0m[0m resource "google_compute_firewall" "allow_ssh" {
      [32m+[0m[0m creation_timestamp = (known after apply)
      [32m+[0m[0m description        = "Allow SSH access to Nexus IQ instances"
      [32m+[0m[0m destination_ranges = (known after apply)
      [32m+[0m[0m direction          = (known after apply)
      [32m+[0m[0m enable_logging     = (known after apply)
      [32m+[0m[0m id                 = (known after apply)
      [32m+[0m[0m name               = "ref-arch-iq-ha-allow-ssh"
      [32m+[0m[0m network            = "ref-arch-iq-ha-vpc"
      [32m+[0m[0m priority           = 1000
      [32m+[0m[0m project            = "nxrm-support-gcp-deployments"
      [32m+[0m[0m self_link          = (known after apply)
      [32m+[0m[0m source_ranges      = [
          [32m+[0m[0m "0.0.0.0/0",
        ]
      [32m+[0m[0m target_tags        = [
          [32m+[0m[0m "allow-ssh",
          [32m+[0m[0m "nexus-iq-ha",
        ]

      [32m+[0m[0m allow {
          [32m+[0m[0m ports    = [
              [32m+[0m[0m "22",
            ]
          [32m+[0m[0m protocol = "tcp"
        }
    }

[1m  # google_compute_firewall.deny_all[0m will be created
[0m  [32m+[0m[0m resource "google_compute_firewall" "deny_all" {
      [32m+[0m[0m creation_timestamp = (known after apply)
      [32m+[0m[0m description        = "Deny all other inbound traffic (default deny rule)"
      [32m+[0m[0m destination_ranges = (known after apply)
      [32m+[0m[0m direction          = (known after apply)
      [32m+[0m[0m enable_logging     = (known after apply)
      [32m+[0m[0m id                 = (known after apply)
      [32m+[0m[0m name               = "ref-arch-iq-ha-deny-all"
      [32m+[0m[0m network            = "ref-arch-iq-ha-vpc"
      [32m+[0m[0m priority           = 65534
      [32m+[0m[0m project            = "nxrm-support-gcp-deployments"
      [32m+[0m[0m self_link          = (known after apply)
      [32m+[0m[0m source_ranges      = [
          [32m+[0m[0m "0.0.0.0/0",
        ]

      [32m+[0m[0m deny {
          [32m+[0m[0m ports    = []
          [32m+[0m[0m protocol = "all"
        }
    }

[1m  # google_compute_global_address.iq_ha_lb_ip[0m will be created
[0m  [32m+[0m[0m resource "google_compute_global_address" "iq_ha_lb_ip" {
      [32m+[0m[0m address            = (known after apply)
      [32m+[0m[0m creation_timestamp = (known after apply)
      [32m+[0m[0m description        = "External IP for Nexus IQ HA Load Balancer"
      [32m+[0m[0m effective_labels   = (known after apply)
      [32m+[0m[0m id                 = (known after apply)
      [32m+[0m[0m label_fingerprint  = (known after apply)
      [32m+[0m[0m name               = "ref-arch-iq-ha-lb-ip"
      [32m+[0m[0m prefix_length      = (known after apply)
      [32m+[0m[0m project            = "nxrm-support-gcp-deployments"
      [32m+[0m[0m self_link          = (known after apply)
      [32m+[0m[0m terraform_labels   = (known after apply)
    }

[1m  # google_compute_global_address.private_ip_address[0m will be created
[0m  [32m+[0m[0m resource "google_compute_global_address" "private_ip_address" {
      [32m+[0m[0m address            = (known after apply)
      [32m+[0m[0m address_type       = "INTERNAL"
      [32m+[0m[0m creation_timestamp = (known after apply)
      [32m+[0m[0m effective_labels   = (known after apply)
      [32m+[0m[0m id                 = (known after apply)
      [32m+[0m[0m label_fingerprint  = (known after apply)
      [32m+[0m[0m name               = "ref-arch-iq-ha-private-ip-address"
      [32m+[0m[0m network            = (known after apply)
      [32m+[0m[0m prefix_length      = 16
      [32m+[0m[0m project            = "nxrm-support-gcp-deployments"
      [32m+[0m[0m purpose            = "VPC_PEERING"
      [32m+[0m[0m self_link          = (known after apply)
      [32m+[0m[0m terraform_labels   = (known after apply)
    }

[1m  # google_compute_global_forwarding_rule.iq_ha_http_forwarding_rule[0m will be created
[0m  [32m+[0m[0m resource "google_compute_global_forwarding_rule" "iq_ha_http_forwarding_rule" {
      [32m+[0m[0m base_forwarding_rule  = (known after apply)
      [32m+[0m[0m description           = "HTTP forwarding rule for Nexus IQ HA"
      [32m+[0m[0m effective_labels      = (known after apply)
      [32m+[0m[0m id                    = (known after apply)
      [32m+[0m[0m ip_address            = (known after apply)
      [32m+[0m[0m ip_protocol           = "TCP"
      [32m+[0m[0m label_fingerprint     = (known after apply)
      [32m+[0m[0m load_balancing_scheme = "EXTERNAL_MANAGED"
      [32m+[0m[0m name                  = "ref-arch-iq-ha-http-forwarding-rule"
      [32m+[0m[0m network               = (known after apply)
      [32m+[0m[0m port_range            = "80"
      [32m+[0m[0m project               = "nxrm-support-gcp-deployments"
      [32m+[0m[0m psc_connection_id     = (known after apply)
      [32m+[0m[0m psc_connection_status = (known after apply)
      [32m+[0m[0m self_link             = (known after apply)
      [32m+[0m[0m subnetwork            = (known after apply)
      [32m+[0m[0m target                = (known after apply)
      [32m+[0m[0m terraform_labels      = (known after apply)
    }

[1m  # google_compute_global_forwarding_rule.iq_ha_https_forwarding_rule[0][0m will be created
[0m  [32m+[0m[0m resource "google_compute_global_forwarding_rule" "iq_ha_https_forwarding_rule" {
      [32m+[0m[0m base_forwarding_rule  = (known after apply)
      [32m+[0m[0m description           = "HTTPS forwarding rule for Nexus IQ HA"
      [32m+[0m[0m effective_labels      = (known after apply)
      [32m+[0m[0m id                    = (known after apply)
      [32m+[0m[0m ip_address            = (known after apply)
      [32m+[0m[0m ip_protocol           = "TCP"
      [32m+[0m[0m label_fingerprint     = (known after apply)
      [32m+[0m[0m load_balancing_scheme = "EXTERNAL_MANAGED"
      [32m+[0m[0m name                  = "ref-arch-iq-ha-https-forwarding-rule"
      [32m+[0m[0m network               = (known after apply)
      [32m+[0m[0m port_range            = "443"
      [32m+[0m[0m project               = "nxrm-support-gcp-deployments"
      [32m+[0m[0m psc_connection_id     = (known after apply)
      [32m+[0m[0m psc_connection_status = (known after apply)
      [32m+[0m[0m self_link             = (known after apply)
      [32m+[0m[0m subnetwork            = (known after apply)
      [32m+[0m[0m target                = (known after apply)
      [32m+[0m[0m terraform_labels      = (known after apply)
    }

[1m  # google_compute_health_check.iq_health_check[0m will be created
[0m  [32m+[0m[0m resource "google_compute_health_check" "iq_health_check" {
      [32m+[0m[0m check_interval_sec  = 30
      [32m+[0m[0m creation_timestamp  = (known after apply)
      [32m+[0m[0m healthy_threshold   = 2
      [32m+[0m[0m id                  = (known after apply)
      [32m+[0m[0m name                = "ref-arch-iq-ha-health-check"
      [32m+[0m[0m project             = "nxrm-support-gcp-deployments"
      [32m+[0m[0m self_link           = (known after apply)
      [32m+[0m[0m timeout_sec         = 10
      [32m+[0m[0m type                = (known after apply)
      [32m+[0m[0m unhealthy_threshold = 3

      [32m+[0m[0m http_health_check {
          [32m+[0m[0m port         = 8070
          [32m+[0m[0m proxy_header = "NONE"
          [32m+[0m[0m request_path = "/"
        }

      [32m+[0m[0m log_config {
          [32m+[0m[0m enable = true
        }
    }

[1m  # google_compute_health_check.iq_lb_health_check[0m will be created
[0m  [32m+[0m[0m resource "google_compute_health_check" "iq_lb_health_check" {
      [32m+[0m[0m check_interval_sec  = 30
      [32m+[0m[0m creation_timestamp  = (known after apply)
      [32m+[0m[0m description         = "Health check for Nexus IQ HA Load Balancer"
      [32m+[0m[0m healthy_threshold   = 2
      [32m+[0m[0m id                  = (known after apply)
      [32m+[0m[0m name                = "ref-arch-iq-ha-lb-health-check"
      [32m+[0m[0m project             = "nxrm-support-gcp-deployments"
      [32m+[0m[0m self_link           = (known after apply)
      [32m+[0m[0m timeout_sec         = 10
      [32m+[0m[0m type                = (known after apply)
      [32m+[0m[0m unhealthy_threshold = 3

      [32m+[0m[0m http_health_check {
          [32m+[0m[0m port               = 8070
          [32m+[0m[0m port_specification = "USE_FIXED_PORT"
          [32m+[0m[0m proxy_header       = "NONE"
          [32m+[0m[0m request_path       = "/"
        }

      [32m+[0m[0m log_config {
          [32m+[0m[0m enable = true
        }
    }

[1m  # google_compute_instance_template.iq_template[0m will be created
[0m  [32m+[0m[0m resource "google_compute_instance_template" "iq_template" {
      [32m+[0m[0m can_ip_forward          = false
      [32m+[0m[0m effective_labels        = {
          [32m+[0m[0m "component"   = "nexus-iq-instance-template"
          [32m+[0m[0m "cost-center" = "engineering"
          [32m+[0m[0m "environment" = "prod"
          [32m+[0m[0m "managed-by"  = "terraform"
          [32m+[0m[0m "team"        = "platform"
        }
      [32m+[0m[0m id                      = (known after apply)
      [32m+[0m[0m labels                  = {
          [32m+[0m[0m "component"   = "nexus-iq-instance-template"
          [32m+[0m[0m "cost-center" = "engineering"
          [32m+[0m[0m "environment" = "prod"
          [32m+[0m[0m "managed-by"  = "terraform"
          [32m+[0m[0m "team"        = "platform"
        }
      [32m+[0m[0m machine_type            = "e2-standard-2"
      [32m+[0m[0m metadata_fingerprint    = (known after apply)
      [32m+[0m[0m metadata_startup_script = (known after apply)
      [32m+[0m[0m name                    = (known after apply)
      [32m+[0m[0m name_prefix             = "ref-arch-iq-ha-template-"
      [32m+[0m[0m project                 = "nxrm-support-gcp-deployments"
      [32m+[0m[0m region                  = "us-central1"
      [32m+[0m[0m self_link               = (known after apply)
      [32m+[0m[0m self_link_unique        = (known after apply)
      [32m+[0m[0m tags                    = [
          [32m+[0m[0m "allow-health-check",
          [32m+[0m[0m "nexus-iq-ha",
        ]
      [32m+[0m[0m tags_fingerprint        = (known after apply)
      [32m+[0m[0m terraform_labels        = {
          [32m+[0m[0m "component"   = "nexus-iq-instance-template"
          [32m+[0m[0m "cost-center" = "engineering"
          [32m+[0m[0m "environment" = "prod"
          [32m+[0m[0m "managed-by"  = "terraform"
          [32m+[0m[0m "team"        = "platform"
        }

      [32m+[0m[0m disk {
          [32m+[0m[0m auto_delete      = true
          [32m+[0m[0m boot             = true
          [32m+[0m[0m device_name      = (known after apply)
          [32m+[0m[0m disk_size_gb     = 20
          [32m+[0m[0m disk_type        = "pd-balanced"
          [32m+[0m[0m interface        = (known after apply)
          [32m+[0m[0m mode             = (known after apply)
          [32m+[0m[0m provisioned_iops = (known after apply)
          [32m+[0m[0m source_image     = "cos-cloud/cos-stable"
          [32m+[0m[0m type             = (known after apply)
        }

      [32m+[0m[0m network_interface {
          [32m+[0m[0m internal_ipv6_prefix_length = (known after apply)
          [32m+[0m[0m ipv6_access_type            = (known after apply)
          [32m+[0m[0m ipv6_address                = (known after apply)
          [32m+[0m[0m name                        = (known after apply)
          [32m+[0m[0m network                     = (known after apply)
          [32m+[0m[0m stack_type                  = (known after apply)
          [32m+[0m[0m subnetwork                  = (known after apply)
          [32m+[0m[0m subnetwork_project          = (known after apply)
        }

      [32m+[0m[0m service_account {
          [32m+[0m[0m email  = (known after apply)
          [32m+[0m[0m scopes = [
              [32m+[0m[0m "https://www.googleapis.com/auth/cloud-platform",
            ]
        }
    }

[1m  # google_compute_network.iq_ha_vpc[0m will be created
[0m  [32m+[0m[0m resource "google_compute_network" "iq_ha_vpc" {
      [32m+[0m[0m auto_create_subnetworks                   = false
      [32m+[0m[0m delete_default_routes_on_create           = false
      [32m+[0m[0m gateway_ipv4                              = (known after apply)
      [32m+[0m[0m id                                        = (known after apply)
      [32m+[0m[0m internal_ipv6_range                       = (known after apply)
      [32m+[0m[0m mtu                                       = 1460
      [32m+[0m[0m name                                      = "ref-arch-iq-ha-vpc"
      [32m+[0m[0m network_firewall_policy_enforcement_order = "AFTER_CLASSIC_FIREWALL"
      [32m+[0m[0m numeric_id                                = (known after apply)
      [32m+[0m[0m project                                   = "nxrm-support-gcp-deployments"
      [32m+[0m[0m routing_mode                              = (known after apply)
      [32m+[0m[0m self_link                                 = (known after apply)
    }

[1m  # google_compute_region_autoscaler.iq_autoscaler[0m will be created
[0m  [32m+[0m[0m resource "google_compute_region_autoscaler" "iq_autoscaler" {
      [32m+[0m[0m creation_timestamp = (known after apply)
      [32m+[0m[0m id                 = (known after apply)
      [32m+[0m[0m name               = "ref-arch-iq-ha-autoscaler"
      [32m+[0m[0m project            = "nxrm-support-gcp-deployments"
      [32m+[0m[0m region             = "us-central1"
      [32m+[0m[0m self_link          = (known after apply)
      [32m+[0m[0m target             = (known after apply)

      [32m+[0m[0m autoscaling_policy {
          [32m+[0m[0m cooldown_period = 60
          [32m+[0m[0m max_replicas    = 6
          [32m+[0m[0m min_replicas    = 2
          [32m+[0m[0m mode            = "ON"

          [32m+[0m[0m cpu_utilization {
              [32m+[0m[0m predictive_method = "NONE"
              [32m+[0m[0m target            = 0.7
            }

          [32m+[0m[0m load_balancing_utilization {
              [32m+[0m[0m target = 0.8
            }

          [32m+[0m[0m scale_in_control {
              [32m+[0m[0m time_window_sec = 300

              [32m+[0m[0m max_scaled_in_replicas {
                  [32m+[0m[0m fixed = 1
                }
            }
        }
    }

[1m  # google_compute_region_instance_group_manager.iq_mig[0m will be created
[0m  [32m+[0m[0m resource "google_compute_region_instance_group_manager" "iq_mig" {
      [32m+[0m[0m base_instance_name               = "nexus-iq-ha"
      [32m+[0m[0m creation_timestamp               = (known after apply)
      [32m+[0m[0m distribution_policy_target_shape = (known after apply)
      [32m+[0m[0m distribution_policy_zones        = [
          [32m+[0m[0m "us-central1-a",
          [32m+[0m[0m "us-central1-b",
        ]
      [32m+[0m[0m fingerprint                      = (known after apply)
      [32m+[0m[0m id                               = (known after apply)
      [32m+[0m[0m instance_group                   = (known after apply)
      [32m+[0m[0m list_managed_instances_results   = "PAGELESS"
      [32m+[0m[0m name                             = "ref-arch-iq-ha-mig"
      [32m+[0m[0m project                          = "nxrm-support-gcp-deployments"
      [32m+[0m[0m region                           = "us-central1"
      [32m+[0m[0m self_link                        = (known after apply)
      [32m+[0m[0m status                           = (known after apply)
      [32m+[0m[0m target_size                      = 2
      [32m+[0m[0m wait_for_instances               = false
      [32m+[0m[0m wait_for_instances_status        = "STABLE"

      [32m+[0m[0m auto_healing_policies {
          [32m+[0m[0m health_check      = (known after apply)
          [32m+[0m[0m initial_delay_sec = 300
        }

      [32m+[0m[0m named_port {
          [32m+[0m[0m name = "admin"
          [32m+[0m[0m port = 8071
        }
      [32m+[0m[0m named_port {
          [32m+[0m[0m name = "http"
          [32m+[0m[0m port = 8070
        }

      [32m+[0m[0m update_policy {
          [32m+[0m[0m max_surge_fixed       = 3
          [32m+[0m[0m max_unavailable_fixed = 0
          [32m+[0m[0m minimal_action        = "REPLACE"
          [32m+[0m[0m type                  = "PROACTIVE"
        }

      [32m+[0m[0m version {
          [32m+[0m[0m instance_template = (known after apply)
        }
    }

[1m  # google_compute_router.iq_ha_router[0m will be created
[0m  [32m+[0m[0m resource "google_compute_router" "iq_ha_router" {
      [32m+[0m[0m creation_timestamp = (known after apply)
      [32m+[0m[0m id                 = (known after apply)
      [32m+[0m[0m name               = "ref-arch-iq-ha-router"
      [32m+[0m[0m network            = (known after apply)
      [32m+[0m[0m project            = "nxrm-support-gcp-deployments"
      [32m+[0m[0m region             = "us-central1"
      [32m+[0m[0m self_link          = (known after apply)
    }

[1m  # google_compute_router_nat.iq_ha_nat[0m will be created
[0m  [32m+[0m[0m resource "google_compute_router_nat" "iq_ha_nat" {
      [32m+[0m[0m auto_network_tier                   = (known after apply)
      [32m+[0m[0m enable_dynamic_port_allocation      = (known after apply)
      [32m+[0m[0m enable_endpoint_independent_mapping = (known after apply)
      [32m+[0m[0m endpoint_types                      = (known after apply)
      [32m+[0m[0m icmp_idle_timeout_sec               = 30
      [32m+[0m[0m id                                  = (known after apply)
      [32m+[0m[0m min_ports_per_vm                    = (known after apply)
      [32m+[0m[0m name                                = "ref-arch-iq-ha-nat"
      [32m+[0m[0m nat_ip_allocate_option              = "AUTO_ONLY"
      [32m+[0m[0m project                             = "nxrm-support-gcp-deployments"
      [32m+[0m[0m region                              = "us-central1"
      [32m+[0m[0m router                              = "ref-arch-iq-ha-router"
      [32m+[0m[0m source_subnetwork_ip_ranges_to_nat  = "ALL_SUBNETWORKS_ALL_IP_RANGES"
      [32m+[0m[0m tcp_established_idle_timeout_sec    = 1200
      [32m+[0m[0m tcp_time_wait_timeout_sec           = 120
      [32m+[0m[0m tcp_transitory_idle_timeout_sec     = 30
      [32m+[0m[0m udp_idle_timeout_sec                = 30

      [32m+[0m[0m log_config {
          [32m+[0m[0m enable = true
          [32m+[0m[0m filter = "ERRORS_ONLY"
        }
    }

[1m  # google_compute_security_policy.iq_ha_security_policy[0m will be created
[0m  [32m+[0m[0m resource "google_compute_security_policy" "iq_ha_security_policy" {
      [32m+[0m[0m description = "Security policy for Nexus IQ HA Load Balancer"
      [32m+[0m[0m fingerprint = (known after apply)
      [32m+[0m[0m id          = (known after apply)
      [32m+[0m[0m name        = "ref-arch-iq-ha-security-policy"
      [32m+[0m[0m project     = "nxrm-support-gcp-deployments"
      [32m+[0m[0m self_link   = (known after apply)
      [32m+[0m[0m type        = (known after apply)

      [32m+[0m[0m rule {
          [32m+[0m[0m action      = "allow"
          [32m+[0m[0m description = "Default allow rule"
          [32m+[0m[0m preview     = (known after apply)
          [32m+[0m[0m priority    = 2147483647

          [32m+[0m[0m match {
              [32m+[0m[0m versioned_expr = "SRC_IPS_V1"

              [32m+[0m[0m config {
                  [32m+[0m[0m src_ip_ranges = [
                      [32m+[0m[0m "*",
                    ]
                }
            }
        }
      [32m+[0m[0m rule {
          [32m+[0m[0m action      = "rate_based_ban"
          [32m+[0m[0m description = "Rate limiting rule"
          [32m+[0m[0m preview     = (known after apply)
          [32m+[0m[0m priority    = 1000

          [32m+[0m[0m match {
              [32m+[0m[0m versioned_expr = "SRC_IPS_V1"

              [32m+[0m[0m config {
                  [32m+[0m[0m src_ip_ranges = [
                      [32m+[0m[0m "*",
                    ]
                }
            }

          [32m+[0m[0m rate_limit_options {
              [32m+[0m[0m ban_duration_sec = 600
              [32m+[0m[0m conform_action   = "allow"
              [32m+[0m[0m exceed_action    = "deny(429)"

              [32m+[0m[0m rate_limit_threshold {
                  [32m+[0m[0m count        = 100
                  [32m+[0m[0m interval_sec = 60
                }
            }
        }
    }

[1m  # google_compute_subnetwork.db_subnet[0m will be created
[0m  [32m+[0m[0m resource "google_compute_subnetwork" "db_subnet" {
      [32m+[0m[0m creation_timestamp         = (known after apply)
      [32m+[0m[0m external_ipv6_prefix       = (known after apply)
      [32m+[0m[0m fingerprint                = (known after apply)
      [32m+[0m[0m gateway_address            = (known after apply)
      [32m+[0m[0m id                         = (known after apply)
      [32m+[0m[0m internal_ipv6_prefix       = (known after apply)
      [32m+[0m[0m ip_cidr_range              = "10.200.20.0/24"
      [32m+[0m[0m ipv6_cidr_range            = (known after apply)
      [32m+[0m[0m name                       = "ref-arch-iq-ha-db-subnet"
      [32m+[0m[0m network                    = (known after apply)
      [32m+[0m[0m private_ip_google_access   = true
      [32m+[0m[0m private_ipv6_google_access = (known after apply)
      [32m+[0m[0m project                    = "nxrm-support-gcp-deployments"
      [32m+[0m[0m purpose                    = (known after apply)
      [32m+[0m[0m region                     = "us-central1"
      [32m+[0m[0m secondary_ip_range         = (known after apply)
      [32m+[0m[0m self_link                  = (known after apply)
      [32m+[0m[0m stack_type                 = (known after apply)
    }

[1m  # google_compute_subnetwork.private_subnets[0][0m will be created
[0m  [32m+[0m[0m resource "google_compute_subnetwork" "private_subnets" {
      [32m+[0m[0m creation_timestamp         = (known after apply)
      [32m+[0m[0m external_ipv6_prefix       = (known after apply)
      [32m+[0m[0m fingerprint                = (known after apply)
      [32m+[0m[0m gateway_address            = (known after apply)
      [32m+[0m[0m id                         = (known after apply)
      [32m+[0m[0m internal_ipv6_prefix       = (known after apply)
      [32m+[0m[0m ip_cidr_range              = "10.200.10.0/24"
      [32m+[0m[0m ipv6_cidr_range            = (known after apply)
      [32m+[0m[0m name                       = "ref-arch-iq-ha-private-subnet-us-central1-a"
      [32m+[0m[0m network                    = (known after apply)
      [32m+[0m[0m private_ip_google_access   = true
      [32m+[0m[0m private_ipv6_google_access = (known after apply)
      [32m+[0m[0m project                    = "nxrm-support-gcp-deployments"
      [32m+[0m[0m purpose                    = (known after apply)
      [32m+[0m[0m region                     = "us-central1"
      [32m+[0m[0m secondary_ip_range         = (known after apply)
      [32m+[0m[0m self_link                  = (known after apply)
      [32m+[0m[0m stack_type                 = (known after apply)
    }

[1m  # google_compute_subnetwork.private_subnets[1][0m will be created
[0m  [32m+[0m[0m resource "google_compute_subnetwork" "private_subnets" {
      [32m+[0m[0m creation_timestamp         = (known after apply)
      [32m+[0m[0m external_ipv6_prefix       = (known after apply)
      [32m+[0m[0m fingerprint                = (known after apply)
      [32m+[0m[0m gateway_address            = (known after apply)
      [32m+[0m[0m id                         = (known after apply)
      [32m+[0m[0m internal_ipv6_prefix       = (known after apply)
      [32m+[0m[0m ip_cidr_range              = "10.200.11.0/24"
      [32m+[0m[0m ipv6_cidr_range            = (known after apply)
      [32m+[0m[0m name                       = "ref-arch-iq-ha-private-subnet-us-central1-b"
      [32m+[0m[0m network                    = (known after apply)
      [32m+[0m[0m private_ip_google_access   = true
      [32m+[0m[0m private_ipv6_google_access = (known after apply)
      [32m+[0m[0m project                    = "nxrm-support-gcp-deployments"
      [32m+[0m[0m purpose                    = (known after apply)
      [32m+[0m[0m region                     = "us-central1"
      [32m+[0m[0m secondary_ip_range         = (known after apply)
      [32m+[0m[0m self_link                  = (known after apply)
      [32m+[0m[0m stack_type                 = (known after apply)
    }

[1m  # google_compute_subnetwork.private_subnets[2][0m will be created
[0m  [32m+[0m[0m resource "google_compute_subnetwork" "private_subnets" {
      [32m+[0m[0m creation_timestamp         = (known after apply)
      [32m+[0m[0m external_ipv6_prefix       = (known after apply)
      [32m+[0m[0m fingerprint                = (known after apply)
      [32m+[0m[0m gateway_address            = (known after apply)
      [32m+[0m[0m id                         = (known after apply)
      [32m+[0m[0m internal_ipv6_prefix       = (known after apply)
      [32m+[0m[0m ip_cidr_range              = "10.200.12.0/24"
      [32m+[0m[0m ipv6_cidr_range            = (known after apply)
      [32m+[0m[0m name                       = "ref-arch-iq-ha-private-subnet-us-central1-c"
      [32m+[0m[0m network                    = (known after apply)
      [32m+[0m[0m private_ip_google_access   = true
      [32m+[0m[0m private_ipv6_google_access = (known after apply)
      [32m+[0m[0m project                    = "nxrm-support-gcp-deployments"
      [32m+[0m[0m purpose                    = (known after apply)
      [32m+[0m[0m region                     = "us-central1"
      [32m+[0m[0m secondary_ip_range         = (known after apply)
      [32m+[0m[0m self_link                  = (known after apply)
      [32m+[0m[0m stack_type                 = (known after apply)
    }

[1m  # google_compute_subnetwork.public_subnet[0m will be created
[0m  [32m+[0m[0m resource "google_compute_subnetwork" "public_subnet" {
      [32m+[0m[0m creation_timestamp         = (known after apply)
      [32m+[0m[0m external_ipv6_prefix       = (known after apply)
      [32m+[0m[0m fingerprint                = (known after apply)
      [32m+[0m[0m gateway_address            = (known after apply)
      [32m+[0m[0m id                         = (known after apply)
      [32m+[0m[0m internal_ipv6_prefix       = (known after apply)
      [32m+[0m[0m ip_cidr_range              = "10.200.1.0/24"
      [32m+[0m[0m ipv6_cidr_range            = (known after apply)
      [32m+[0m[0m name                       = "ref-arch-iq-ha-public-subnet"
      [32m+[0m[0m network                    = (known after apply)
      [32m+[0m[0m private_ip_google_access   = (known after apply)
      [32m+[0m[0m private_ipv6_google_access = (known after apply)
      [32m+[0m[0m project                    = "nxrm-support-gcp-deployments"
      [32m+[0m[0m purpose                    = (known after apply)
      [32m+[0m[0m region                     = "us-central1"
      [32m+[0m[0m secondary_ip_range         = (known after apply)
      [32m+[0m[0m self_link                  = (known after apply)
      [32m+[0m[0m stack_type                 = (known after apply)
    }

[1m  # google_compute_target_http_proxy.iq_ha_http_proxy[0m will be created
[0m  [32m+[0m[0m resource "google_compute_target_http_proxy" "iq_ha_http_proxy" {
      [32m+[0m[0m creation_timestamp = (known after apply)
      [32m+[0m[0m description        = "HTTP proxy for Nexus IQ HA"
      [32m+[0m[0m id                 = (known after apply)
      [32m+[0m[0m name               = "ref-arch-iq-ha-http-proxy"
      [32m+[0m[0m project            = "nxrm-support-gcp-deployments"
      [32m+[0m[0m proxy_bind         = (known after apply)
      [32m+[0m[0m proxy_id           = (known after apply)
      [32m+[0m[0m self_link          = (known after apply)
      [32m+[0m[0m url_map            = (known after apply)
    }

[1m  # google_compute_target_https_proxy.iq_ha_https_proxy[0][0m will be created
[0m  [32m+[0m[0m resource "google_compute_target_https_proxy" "iq_ha_https_proxy" {
      [32m+[0m[0m creation_timestamp = (known after apply)
      [32m+[0m[0m description        = "HTTPS proxy for Nexus IQ HA"
      [32m+[0m[0m id                 = (known after apply)
      [32m+[0m[0m name               = "ref-arch-iq-ha-https-proxy"
      [32m+[0m[0m project            = "nxrm-support-gcp-deployments"
      [32m+[0m[0m proxy_bind         = (known after apply)
      [32m+[0m[0m proxy_id           = (known after apply)
      [32m+[0m[0m quic_override      = "NONE"
      [32m+[0m[0m self_link          = (known after apply)
      [32m+[0m[0m ssl_certificates   = []
      [32m+[0m[0m tls_early_data     = (known after apply)
      [32m+[0m[0m url_map            = (known after apply)
    }

[1m  # google_compute_url_map.iq_ha_redirect_url_map[0][0m will be created
[0m  [32m+[0m[0m resource "google_compute_url_map" "iq_ha_redirect_url_map" {
      [32m+[0m[0m creation_timestamp = (known after apply)
      [32m+[0m[0m description        = "URL map for HTTP to HTTPS redirect"
      [32m+[0m[0m fingerprint        = (known after apply)
      [32m+[0m[0m id                 = (known after apply)
      [32m+[0m[0m map_id             = (known after apply)
      [32m+[0m[0m name               = "ref-arch-iq-ha-redirect-url-map"
      [32m+[0m[0m project            = "nxrm-support-gcp-deployments"
      [32m+[0m[0m self_link          = (known after apply)

      [32m+[0m[0m default_url_redirect {
          [32m+[0m[0m https_redirect         = true
          [32m+[0m[0m redirect_response_code = "MOVED_PERMANENTLY_DEFAULT"
          [32m+[0m[0m strip_query            = false
        }
    }

[1m  # google_compute_url_map.iq_ha_url_map[0m will be created
[0m  [32m+[0m[0m resource "google_compute_url_map" "iq_ha_url_map" {
      [32m+[0m[0m creation_timestamp = (known after apply)
      [32m+[0m[0m default_service    = (known after apply)
      [32m+[0m[0m description        = "URL map for Nexus IQ HA Load Balancer"
      [32m+[0m[0m fingerprint        = (known after apply)
      [32m+[0m[0m id                 = (known after apply)
      [32m+[0m[0m map_id             = (known after apply)
      [32m+[0m[0m name               = "ref-arch-iq-ha-url-map"
      [32m+[0m[0m project            = "nxrm-support-gcp-deployments"
      [32m+[0m[0m self_link          = (known after apply)

      [32m+[0m[0m host_rule {
          [32m+[0m[0m hosts        = [
              [32m+[0m[0m "*",
            ]
          [32m+[0m[0m path_matcher = "allpaths"
        }

      [32m+[0m[0m path_matcher {
          [32m+[0m[0m default_service = (known after apply)
          [32m+[0m[0m name            = "allpaths"

          [32m+[0m[0m path_rule {
              [32m+[0m[0m paths   = [
                  [32m+[0m[0m "/*",
                ]
              [32m+[0m[0m service = (known after apply)
            }
        }
    }

[1m  # google_filestore_instance.iq_ha_filestore[0m will be created
[0m  [32m+[0m[0m resource "google_filestore_instance" "iq_ha_filestore" {
      [32m+[0m[0m create_time      = (known after apply)
      [32m+[0m[0m effective_labels = {
          [32m+[0m[0m "component"   = "nexus-iq-ha-storage"
          [32m+[0m[0m "cost-center" = "engineering"
          [32m+[0m[0m "environment" = "prod"
          [32m+[0m[0m "managed-by"  = "terraform"
          [32m+[0m[0m "team"        = "platform"
        }
      [32m+[0m[0m etag             = (known after apply)
      [32m+[0m[0m id               = (known after apply)
      [32m+[0m[0m labels           = {
          [32m+[0m[0m "component"   = "nexus-iq-ha-storage"
          [32m+[0m[0m "cost-center" = "engineering"
          [32m+[0m[0m "environment" = "prod"
          [32m+[0m[0m "managed-by"  = "terraform"
          [32m+[0m[0m "team"        = "platform"
        }
      [32m+[0m[0m location         = "us-central1-a"
      [32m+[0m[0m name             = (known after apply)
      [32m+[0m[0m project          = "nxrm-support-gcp-deployments"
      [32m+[0m[0m terraform_labels = {
          [32m+[0m[0m "component"   = "nexus-iq-ha-storage"
          [32m+[0m[0m "cost-center" = "engineering"
          [32m+[0m[0m "environment" = "prod"
          [32m+[0m[0m "managed-by"  = "terraform"
          [32m+[0m[0m "team"        = "platform"
        }
      [32m+[0m[0m tier             = "BASIC_SSD"
      [32m+[0m[0m zone             = (known after apply)

      [32m+[0m[0m file_shares {
          [32m+[0m[0m capacity_gb = 2560
          [32m+[0m[0m name        = "nexus_iq_ha_data"

          [32m+[0m[0m nfs_export_options {
              [32m+[0m[0m access_mode = "READ_WRITE"
              [32m+[0m[0m ip_ranges   = [
                  [32m+[0m[0m "10.200.10.0/24",
                  [32m+[0m[0m "10.200.11.0/24",
                  [32m+[0m[0m "10.200.12.0/24",
                ]
              [32m+[0m[0m squash_mode = "NO_ROOT_SQUASH"
            }
        }

      [32m+[0m[0m networks {
          [32m+[0m[0m connect_mode      = "DIRECT_PEERING"
          [32m+[0m[0m ip_addresses      = (known after apply)
          [32m+[0m[0m modes             = [
              [32m+[0m[0m "MODE_IPV4",
            ]
          [32m+[0m[0m network           = "ref-arch-iq-ha-vpc"
          [32m+[0m[0m reserved_ip_range = (known after apply)
        }
    }

[1m  # google_logging_project_sink.iq_ha_app_logs[0m will be created
[0m  [32m+[0m[0m resource "google_logging_project_sink" "iq_ha_app_logs" {
      [32m+[0m[0m description            = "Sink for Nexus IQ HA application logs"
      [32m+[0m[0m destination            = "bigquery.googleapis.com/projects/nxrm-support-gcp-deployments/datasets/nexus_iq_ha_logs"
      [32m+[0m[0m filter                 = <<-EOT
            resource.type="gce_instance" AND
            resource.labels.instance_name=~"nexus-iq-ha-.*" AND
            (jsonPayload.message=~".*nexus.*" OR jsonPayload.message=~".*IQ.*")
        EOT
      [32m+[0m[0m id                     = (known after apply)
      [32m+[0m[0m name                   = "ref-arch-iq-ha-app-logs"
      [32m+[0m[0m project                = (known after apply)
      [32m+[0m[0m unique_writer_identity = true
      [32m+[0m[0m writer_identity        = (known after apply)
    }

[1m  # google_logging_project_sink.iq_ha_compute_logs[0m will be created
[0m  [32m+[0m[0m resource "google_logging_project_sink" "iq_ha_compute_logs" {
      [32m+[0m[0m description            = "Sink for Nexus IQ HA Compute Engine logs"
      [32m+[0m[0m destination            = "logging.googleapis.com/projects/nxrm-support-gcp-deployments/logs/nexus-iq-ha"
      [32m+[0m[0m filter                 = <<-EOT
            resource.type="gce_instance" AND
            resource.labels.instance_name=~"nexus-iq-ha-.*"
        EOT
      [32m+[0m[0m id                     = (known after apply)
      [32m+[0m[0m name                   = "ref-arch-iq-ha-compute-logs"
      [32m+[0m[0m project                = (known after apply)
      [32m+[0m[0m unique_writer_identity = true
      [32m+[0m[0m writer_identity        = (known after apply)
    }

[1m  # google_monitoring_alert_policy.iq_ha_db_connectivity[0m will be created
[0m  [32m+[0m[0m resource "google_monitoring_alert_policy" "iq_ha_db_connectivity" {
      [32m+[0m[0m combiner              = "OR"
      [32m+[0m[0m creation_record       = (known after apply)
      [32m+[0m[0m display_name          = "Nexus IQ HA - Database Connectivity"
      [32m+[0m[0m enabled               = true
      [32m+[0m[0m id                    = (known after apply)
      [32m+[0m[0m name                  = (known after apply)
      [32m+[0m[0m notification_channels = []
      [32m+[0m[0m project               = "nxrm-support-gcp-deployments"

      [32m+[0m[0m alert_strategy {
          [32m+[0m[0m auto_close = "1800s"
        }

      [32m+[0m[0m conditions {
          [32m+[0m[0m display_name = "Database Connection Issues"
          [32m+[0m[0m name         = (known after apply)

          [32m+[0m[0m condition_threshold {
              [32m+[0m[0m comparison      = "COMPARISON_GT"
              [32m+[0m[0m duration        = "300s"
              [32m+[0m[0m filter          = (known after apply)
              [32m+[0m[0m threshold_value = 180

              [32m+[0m[0m aggregations {
                  [32m+[0m[0m alignment_period   = "60s"
                  [32m+[0m[0m per_series_aligner = "ALIGN_MEAN"
                }
            }
        }
    }

[1m  # google_monitoring_alert_policy.iq_ha_high_cpu[0m will be created
[0m  [32m+[0m[0m resource "google_monitoring_alert_policy" "iq_ha_high_cpu" {
      [32m+[0m[0m combiner              = "OR"
      [32m+[0m[0m creation_record       = (known after apply)
      [32m+[0m[0m display_name          = "Nexus IQ HA - High CPU Usage"
      [32m+[0m[0m enabled               = true
      [32m+[0m[0m id                    = (known after apply)
      [32m+[0m[0m name                  = (known after apply)
      [32m+[0m[0m notification_channels = []
      [32m+[0m[0m project               = "nxrm-support-gcp-deployments"

      [32m+[0m[0m alert_strategy {
          [32m+[0m[0m auto_close = "1800s"
        }

      [32m+[0m[0m conditions {
          [32m+[0m[0m display_name = "High CPU Usage"
          [32m+[0m[0m name         = (known after apply)

          [32m+[0m[0m condition_threshold {
              [32m+[0m[0m comparison      = "COMPARISON_GT"
              [32m+[0m[0m duration        = "300s"
              [32m+[0m[0m filter          = "resource.type=\"gce_instance\" AND resource.label.instance_name=~\"nexus-iq-ha-.*\""
              [32m+[0m[0m threshold_value = 0.8

              [32m+[0m[0m aggregations {
                  [32m+[0m[0m alignment_period   = "60s"
                  [32m+[0m[0m per_series_aligner = "ALIGN_MEAN"
                }
            }
        }
    }

[1m  # google_monitoring_alert_policy.iq_ha_instance_health[0m will be created
[0m  [32m+[0m[0m resource "google_monitoring_alert_policy" "iq_ha_instance_health" {
      [32m+[0m[0m combiner              = "OR"
      [32m+[0m[0m creation_record       = (known after apply)
      [32m+[0m[0m display_name          = "Nexus IQ HA - Instance Health Alert"
      [32m+[0m[0m enabled               = true
      [32m+[0m[0m id                    = (known after apply)
      [32m+[0m[0m name                  = (known after apply)
      [32m+[0m[0m notification_channels = []
      [32m+[0m[0m project               = "nxrm-support-gcp-deployments"

      [32m+[0m[0m alert_strategy {
          [32m+[0m[0m auto_close = "1800s"
        }

      [32m+[0m[0m conditions {
          [32m+[0m[0m display_name = "Instance Down"
          [32m+[0m[0m name         = (known after apply)

          [32m+[0m[0m condition_threshold {
              [32m+[0m[0m comparison      = "COMPARISON_LT"
              [32m+[0m[0m duration        = "300s"
              [32m+[0m[0m filter          = "resource.type=\"gce_instance\" AND resource.label.instance_name=~\"nexus-iq-ha-.*\""
              [32m+[0m[0m threshold_value = 1

              [32m+[0m[0m aggregations {
                  [32m+[0m[0m alignment_period   = "60s"
                  [32m+[0m[0m per_series_aligner = "ALIGN_MEAN"
                }
            }
        }
    }

[1m  # google_monitoring_alert_policy.iq_ha_lb_errors[0m will be created
[0m  [32m+[0m[0m resource "google_monitoring_alert_policy" "iq_ha_lb_errors" {
      [32m+[0m[0m combiner              = "OR"
      [32m+[0m[0m creation_record       = (known after apply)
      [32m+[0m[0m display_name          = "Nexus IQ HA - Load Balancer Errors"
      [32m+[0m[0m enabled               = true
      [32m+[0m[0m id                    = (known after apply)
      [32m+[0m[0m name                  = (known after apply)
      [32m+[0m[0m notification_channels = []
      [32m+[0m[0m project               = "nxrm-support-gcp-deployments"

      [32m+[0m[0m alert_strategy {
          [32m+[0m[0m auto_close = "1800s"
        }

      [32m+[0m[0m conditions {
          [32m+[0m[0m display_name = "High Error Rate"
          [32m+[0m[0m name         = (known after apply)

          [32m+[0m[0m condition_threshold {
              [32m+[0m[0m comparison      = "COMPARISON_GT"
              [32m+[0m[0m duration        = "300s"
              [32m+[0m[0m filter          = "resource.type=\"https_lb_rule\""
              [32m+[0m[0m threshold_value = 0.05

              [32m+[0m[0m aggregations {
                  [32m+[0m[0m alignment_period   = "60s"
                  [32m+[0m[0m per_series_aligner = "ALIGN_RATE"
                }
            }
        }
    }

[1m  # google_monitoring_dashboard.iq_ha_dashboard[0m will be created
[0m  [32m+[0m[0m resource "google_monitoring_dashboard" "iq_ha_dashboard" {
      [32m+[0m[0m dashboard_json = (known after apply)
      [32m+[0m[0m id             = (known after apply)
      [32m+[0m[0m project        = "nxrm-support-gcp-deployments"
    }

[1m  # google_monitoring_uptime_check_config.iq_ha_uptime_check[0m will be created
[0m  [32m+[0m[0m resource "google_monitoring_uptime_check_config" "iq_ha_uptime_check" {
      [32m+[0m[0m checker_type     = "STATIC_IP_CHECKERS"
      [32m+[0m[0m display_name     = "Nexus IQ HA Uptime Check"
      [32m+[0m[0m id               = (known after apply)
      [32m+[0m[0m name             = (known after apply)
      [32m+[0m[0m period           = "60s"
      [32m+[0m[0m project          = "nxrm-support-gcp-deployments"
      [32m+[0m[0m selected_regions = [
          [32m+[0m[0m "USA",
          [32m+[0m[0m "EUROPE",
          [32m+[0m[0m "ASIA_PACIFIC",
        ]
      [32m+[0m[0m timeout          = "10s"
      [32m+[0m[0m uptime_check_id  = (known after apply)

      [32m+[0m[0m http_check {
          [32m+[0m[0m headers        = (known after apply)
          [32m+[0m[0m path           = "/"
          [32m+[0m[0m port           = 443
          [32m+[0m[0m request_method = "GET"
          [32m+[0m[0m use_ssl        = true
          [32m+[0m[0m validate_ssl   = true
        }

      [32m+[0m[0m monitored_resource {
          [32m+[0m[0m labels = (known after apply)
          [32m+[0m[0m type   = "uptime_url"
        }
    }

[1m  # google_project_iam_member.iq_compute_instance_admin[0m will be created
[0m  [32m+[0m[0m resource "google_project_iam_member" "iq_compute_instance_admin" {
      [32m+[0m[0m etag    = (known after apply)
      [32m+[0m[0m id      = (known after apply)
      [32m+[0m[0m member  = (known after apply)
      [32m+[0m[0m project = "nxrm-support-gcp-deployments"
      [32m+[0m[0m role    = "roles/compute.instanceAdmin.v1"
    }

[1m  # google_project_iam_member.iq_compute_logging[0m will be created
[0m  [32m+[0m[0m resource "google_project_iam_member" "iq_compute_logging" {
      [32m+[0m[0m etag    = (known after apply)
      [32m+[0m[0m id      = (known after apply)
      [32m+[0m[0m member  = (known after apply)
      [32m+[0m[0m project = "nxrm-support-gcp-deployments"
      [32m+[0m[0m role    = "roles/logging.logWriter"
    }

[1m  # google_project_iam_member.iq_compute_monitoring[0m will be created
[0m  [32m+[0m[0m resource "google_project_iam_member" "iq_compute_monitoring" {
      [32m+[0m[0m etag    = (known after apply)
      [32m+[0m[0m id      = (known after apply)
      [32m+[0m[0m member  = (known after apply)
      [32m+[0m[0m project = "nxrm-support-gcp-deployments"
      [32m+[0m[0m role    = "roles/monitoring.metricWriter"
    }

[1m  # google_project_iam_member.iq_compute_monitoring_reader[0m will be created
[0m  [32m+[0m[0m resource "google_project_iam_member" "iq_compute_monitoring_reader" {
      [32m+[0m[0m etag    = (known after apply)
      [32m+[0m[0m id      = (known after apply)
      [32m+[0m[0m member  = (known after apply)
      [32m+[0m[0m project = "nxrm-support-gcp-deployments"
      [32m+[0m[0m role    = "roles/monitoring.viewer"
    }

[1m  # google_project_iam_member.iq_compute_sql_client[0m will be created
[0m  [32m+[0m[0m resource "google_project_iam_member" "iq_compute_sql_client" {
      [32m+[0m[0m etag    = (known after apply)
      [32m+[0m[0m id      = (known after apply)
      [32m+[0m[0m member  = (known after apply)
      [32m+[0m[0m project = "nxrm-support-gcp-deployments"
      [32m+[0m[0m role    = "roles/cloudsql.client"
    }

[1m  # google_project_iam_member.iq_compute_storage_admin[0m will be created
[0m  [32m+[0m[0m resource "google_project_iam_member" "iq_compute_storage_admin" {
      [32m+[0m[0m etag    = (known after apply)
      [32m+[0m[0m id      = (known after apply)
      [32m+[0m[0m member  = (known after apply)
      [32m+[0m[0m project = "nxrm-support-gcp-deployments"
      [32m+[0m[0m role    = "roles/compute.storageAdmin"
    }

[1m  # google_project_iam_member.iq_lb_health_check[0m will be created
[0m  [32m+[0m[0m resource "google_project_iam_member" "iq_lb_health_check" {
      [32m+[0m[0m etag    = (known after apply)
      [32m+[0m[0m id      = (known after apply)
      [32m+[0m[0m member  = (known after apply)
      [32m+[0m[0m project = "nxrm-support-gcp-deployments"
      [32m+[0m[0m role    = "roles/compute.loadBalancerServiceUser"
    }

[1m  # google_project_iam_member.iq_lb_monitoring[0m will be created
[0m  [32m+[0m[0m resource "google_project_iam_member" "iq_lb_monitoring" {
      [32m+[0m[0m etag    = (known after apply)
      [32m+[0m[0m id      = (known after apply)
      [32m+[0m[0m member  = (known after apply)
      [32m+[0m[0m project = "nxrm-support-gcp-deployments"
      [32m+[0m[0m role    = "roles/monitoring.metricWriter"
    }

[1m  # google_project_service.required_apis["cloudresourcemanager.googleapis.com"][0m will be created
[0m  [32m+[0m[0m resource "google_project_service" "required_apis" {
      [32m+[0m[0m disable_on_destroy = false
      [32m+[0m[0m id                 = (known after apply)
      [32m+[0m[0m project            = "nxrm-support-gcp-deployments"
      [32m+[0m[0m service            = "cloudresourcemanager.googleapis.com"
    }

[1m  # google_project_service.required_apis["compute.googleapis.com"][0m will be created
[0m  [32m+[0m[0m resource "google_project_service" "required_apis" {
      [32m+[0m[0m disable_on_destroy = false
      [32m+[0m[0m id                 = (known after apply)
      [32m+[0m[0m project            = "nxrm-support-gcp-deployments"
      [32m+[0m[0m service            = "compute.googleapis.com"
    }

[1m  # google_project_service.required_apis["iam.googleapis.com"][0m will be created
[0m  [32m+[0m[0m resource "google_project_service" "required_apis" {
      [32m+[0m[0m disable_on_destroy = false
      [32m+[0m[0m id                 = (known after apply)
      [32m+[0m[0m project            = "nxrm-support-gcp-deployments"
      [32m+[0m[0m service            = "iam.googleapis.com"
    }

[1m  # google_project_service.required_apis["logging.googleapis.com"][0m will be created
[0m  [32m+[0m[0m resource "google_project_service" "required_apis" {
      [32m+[0m[0m disable_on_destroy = false
      [32m+[0m[0m id                 = (known after apply)
      [32m+[0m[0m project            = "nxrm-support-gcp-deployments"
      [32m+[0m[0m service            = "logging.googleapis.com"
    }

[1m  # google_project_service.required_apis["monitoring.googleapis.com"][0m will be created
[0m  [32m+[0m[0m resource "google_project_service" "required_apis" {
      [32m+[0m[0m disable_on_destroy = false
      [32m+[0m[0m id                 = (known after apply)
      [32m+[0m[0m project            = "nxrm-support-gcp-deployments"
      [32m+[0m[0m service            = "monitoring.googleapis.com"
    }

[1m  # google_project_service.required_apis["secretmanager.googleapis.com"][0m will be created
[0m  [32m+[0m[0m resource "google_project_service" "required_apis" {
      [32m+[0m[0m disable_on_destroy = false
      [32m+[0m[0m id                 = (known after apply)
      [32m+[0m[0m project            = "nxrm-support-gcp-deployments"
      [32m+[0m[0m service            = "secretmanager.googleapis.com"
    }

[1m  # google_project_service.required_apis["servicenetworking.googleapis.com"][0m will be created
[0m  [32m+[0m[0m resource "google_project_service" "required_apis" {
      [32m+[0m[0m disable_on_destroy = false
      [32m+[0m[0m id                 = (known after apply)
      [32m+[0m[0m project            = "nxrm-support-gcp-deployments"
      [32m+[0m[0m service            = "servicenetworking.googleapis.com"
    }

[1m  # google_project_service.required_apis["sqladmin.googleapis.com"][0m will be created
[0m  [32m+[0m[0m resource "google_project_service" "required_apis" {
      [32m+[0m[0m disable_on_destroy = false
      [32m+[0m[0m id                 = (known after apply)
      [32m+[0m[0m project            = "nxrm-support-gcp-deployments"
      [32m+[0m[0m service            = "sqladmin.googleapis.com"
    }

[1m  # google_secret_manager_secret.db_credentials[0m will be created
[0m  [32m+[0m[0m resource "google_secret_manager_secret" "db_credentials" {
      [32m+[0m[0m create_time           = (known after apply)
      [32m+[0m[0m effective_annotations = (known after apply)
      [32m+[0m[0m effective_labels      = {
          [32m+[0m[0m "component"   = "nexus-iq-ha-database-secrets"
          [32m+[0m[0m "cost-center" = "engineering"
          [32m+[0m[0m "environment" = "prod"
          [32m+[0m[0m "managed-by"  = "terraform"
          [32m+[0m[0m "team"        = "platform"
        }
      [32m+[0m[0m expire_time           = (known after apply)
      [32m+[0m[0m id                    = (known after apply)
      [32m+[0m[0m labels                = {
          [32m+[0m[0m "component"   = "nexus-iq-ha-database-secrets"
          [32m+[0m[0m "cost-center" = "engineering"
          [32m+[0m[0m "environment" = "prod"
          [32m+[0m[0m "managed-by"  = "terraform"
          [32m+[0m[0m "team"        = "platform"
        }
      [32m+[0m[0m name                  = (known after apply)
      [32m+[0m[0m project               = "nxrm-support-gcp-deployments"
      [32m+[0m[0m secret_id             = (known after apply)
      [32m+[0m[0m terraform_labels      = {
          [32m+[0m[0m "component"   = "nexus-iq-ha-database-secrets"
          [32m+[0m[0m "cost-center" = "engineering"
          [32m+[0m[0m "environment" = "prod"
          [32m+[0m[0m "managed-by"  = "terraform"
          [32m+[0m[0m "team"        = "platform"
        }

      [32m+[0m[0m replication {
          [32m+[0m[0m auto {
            }
        }
    }

[1m  # google_secret_manager_secret.db_password[0m will be created
[0m  [32m+[0m[0m resource "google_secret_manager_secret" "db_password" {
      [32m+[0m[0m create_time           = (known after apply)
      [32m+[0m[0m effective_annotations = (known after apply)
      [32m+[0m[0m effective_labels      = {
          [32m+[0m[0m "component"   = "nexus-iq-ha-database-password"
          [32m+[0m[0m "cost-center" = "engineering"
          [32m+[0m[0m "environment" = "prod"
          [32m+[0m[0m "managed-by"  = "terraform"
          [32m+[0m[0m "team"        = "platform"
        }
      [32m+[0m[0m expire_time           = (known after apply)
      [32m+[0m[0m id                    = (known after apply)
      [32m+[0m[0m labels                = {
          [32m+[0m[0m "component"   = "nexus-iq-ha-database-password"
          [32m+[0m[0m "cost-center" = "engineering"
          [32m+[0m[0m "environment" = "prod"
          [32m+[0m[0m "managed-by"  = "terraform"
          [32m+[0m[0m "team"        = "platform"
        }
      [32m+[0m[0m name                  = (known after apply)
      [32m+[0m[0m project               = "nxrm-support-gcp-deployments"
      [32m+[0m[0m secret_id             = (known after apply)
      [32m+[0m[0m terraform_labels      = {
          [32m+[0m[0m "component"   = "nexus-iq-ha-database-password"
          [32m+[0m[0m "cost-center" = "engineering"
          [32m+[0m[0m "environment" = "prod"
          [32m+[0m[0m "managed-by"  = "terraform"
          [32m+[0m[0m "team"        = "platform"
        }

      [32m+[0m[0m replication {
          [32m+[0m[0m auto {
            }
        }
    }

[1m  # google_secret_manager_secret_iam_member.iq_compute_db_credentials[0m will be created
[0m  [32m+[0m[0m resource "google_secret_manager_secret_iam_member" "iq_compute_db_credentials" {
      [32m+[0m[0m etag      = (known after apply)
      [32m+[0m[0m id        = (known after apply)
      [32m+[0m[0m member    = (known after apply)
      [32m+[0m[0m project   = "nxrm-support-gcp-deployments"
      [32m+[0m[0m role      = "roles/secretmanager.secretAccessor"
      [32m+[0m[0m secret_id = (known after apply)
    }

[1m  # google_secret_manager_secret_iam_member.iq_compute_db_password[0m will be created
[0m  [32m+[0m[0m resource "google_secret_manager_secret_iam_member" "iq_compute_db_password" {
      [32m+[0m[0m etag      = (known after apply)
      [32m+[0m[0m id        = (known after apply)
      [32m+[0m[0m member    = (known after apply)
      [32m+[0m[0m project   = "nxrm-support-gcp-deployments"
      [32m+[0m[0m role      = "roles/secretmanager.secretAccessor"
      [32m+[0m[0m secret_id = (known after apply)
    }

[1m  # google_secret_manager_secret_version.db_credentials[0m will be created
[0m  [32m+[0m[0m resource "google_secret_manager_secret_version" "db_credentials" {
      [32m+[0m[0m create_time           = (known after apply)
      [32m+[0m[0m deletion_policy       = "DELETE"
      [32m+[0m[0m destroy_time          = (known after apply)
      [32m+[0m[0m enabled               = true
      [32m+[0m[0m id                    = (known after apply)
      [32m+[0m[0m is_secret_data_base64 = false
      [32m+[0m[0m name                  = (known after apply)
      [32m+[0m[0m secret                = (known after apply)
      [32m+[0m[0m secret_data           = (sensitive value)
      [32m+[0m[0m version               = (known after apply)
    }

[1m  # google_secret_manager_secret_version.db_password[0m will be created
[0m  [32m+[0m[0m resource "google_secret_manager_secret_version" "db_password" {
      [32m+[0m[0m create_time           = (known after apply)
      [32m+[0m[0m deletion_policy       = "DELETE"
      [32m+[0m[0m destroy_time          = (known after apply)
      [32m+[0m[0m enabled               = true
      [32m+[0m[0m id                    = (known after apply)
      [32m+[0m[0m is_secret_data_base64 = false
      [32m+[0m[0m name                  = (known after apply)
      [32m+[0m[0m secret                = (known after apply)
      [32m+[0m[0m secret_data           = (sensitive value)
      [32m+[0m[0m version               = (known after apply)
    }

[1m  # google_service_account.iq_compute_service[0m will be created
[0m  [32m+[0m[0m resource "google_service_account" "iq_compute_service" {
      [32m+[0m[0m account_id   = "nexus-iq-ha-compute-sa"
      [32m+[0m[0m description  = "Service account for Nexus IQ HA Compute Engine instances"
      [32m+[0m[0m disabled     = false
      [32m+[0m[0m display_name = "Nexus IQ HA Compute Service Account"
      [32m+[0m[0m email        = (known after apply)
      [32m+[0m[0m id           = (known after apply)
      [32m+[0m[0m member       = (known after apply)
      [32m+[0m[0m name         = (known after apply)
      [32m+[0m[0m project      = "nxrm-support-gcp-deployments"
      [32m+[0m[0m unique_id    = (known after apply)
    }

[1m  # google_service_account.iq_load_balancer[0m will be created
[0m  [32m+[0m[0m resource "google_service_account" "iq_load_balancer" {
      [32m+[0m[0m account_id   = "nexus-iq-ha-lb-sa"
      [32m+[0m[0m description  = "Service account for Nexus IQ HA Load Balancer health checks"
      [32m+[0m[0m disabled     = false
      [32m+[0m[0m display_name = "Nexus IQ HA Load Balancer Service Account"
      [32m+[0m[0m email        = (known after apply)
      [32m+[0m[0m id           = (known after apply)
      [32m+[0m[0m member       = (known after apply)
      [32m+[0m[0m name         = (known after apply)
      [32m+[0m[0m project      = "nxrm-support-gcp-deployments"
      [32m+[0m[0m unique_id    = (known after apply)
    }

[1m  # google_service_networking_connection.private_vpc_connection[0m will be created
[0m  [32m+[0m[0m resource "google_service_networking_connection" "private_vpc_connection" {
      [32m+[0m[0m deletion_policy         = "ABANDON"
      [32m+[0m[0m id                      = (known after apply)
      [32m+[0m[0m network                 = (known after apply)
      [32m+[0m[0m peering                 = (known after apply)
      [32m+[0m[0m reserved_peering_ranges = [
          [32m+[0m[0m "ref-arch-iq-ha-private-ip-address",
        ]
      [32m+[0m[0m service                 = "servicenetworking.googleapis.com"
    }

[1m  # google_sql_database.iq_ha_database[0m will be created
[0m  [32m+[0m[0m resource "google_sql_database" "iq_ha_database" {
      [32m+[0m[0m charset         = (known after apply)
      [32m+[0m[0m collation       = (known after apply)
      [32m+[0m[0m deletion_policy = "DELETE"
      [32m+[0m[0m id              = (known after apply)
      [32m+[0m[0m instance        = (known after apply)
      [32m+[0m[0m name            = "nexusiq"
      [32m+[0m[0m project         = "nxrm-support-gcp-deployments"
      [32m+[0m[0m self_link       = (known after apply)
    }

[1m  # google_sql_database_instance.iq_ha_db[0m will be created
[0m  [32m+[0m[0m resource "google_sql_database_instance" "iq_ha_db" {
      [32m+[0m[0m available_maintenance_versions = (known after apply)
      [32m+[0m[0m connection_name                = (known after apply)
      [32m+[0m[0m database_version               = "POSTGRES_15"
      [32m+[0m[0m deletion_protection            = false
      [32m+[0m[0m dns_name                       = (known after apply)
      [32m+[0m[0m encryption_key_name            = (known after apply)
      [32m+[0m[0m first_ip_address               = (known after apply)
      [32m+[0m[0m id                             = (known after apply)
      [32m+[0m[0m instance_type                  = (known after apply)
      [32m+[0m[0m ip_address                     = (known after apply)
      [32m+[0m[0m maintenance_version            = (known after apply)
      [32m+[0m[0m master_instance_name           = (known after apply)
      [32m+[0m[0m name                           = (known after apply)
      [32m+[0m[0m private_ip_address             = (known after apply)
      [32m+[0m[0m project                        = "nxrm-support-gcp-deployments"
      [32m+[0m[0m psc_service_attachment_link    = (known after apply)
      [32m+[0m[0m public_ip_address              = (known after apply)
      [32m+[0m[0m region                         = "us-central1"
      [32m+[0m[0m self_link                      = (known after apply)
      [32m+[0m[0m server_ca_cert                 = (sensitive value)
      [32m+[0m[0m service_account_email_address  = (known after apply)

      [32m+[0m[0m settings {
          [32m+[0m[0m activation_policy     = "ALWAYS"
          [32m+[0m[0m availability_type     = "REGIONAL"
          [32m+[0m[0m connector_enforcement = (known after apply)
          [32m+[0m[0m disk_autoresize       = true
          [32m+[0m[0m disk_autoresize_limit = 1000
          [32m+[0m[0m disk_size             = 100
          [32m+[0m[0m disk_type             = "PD_SSD"
          [32m+[0m[0m edition               = "ENTERPRISE"
          [32m+[0m[0m pricing_plan          = "PER_USE"
          [32m+[0m[0m tier                  = "db-custom-2-7680"
          [32m+[0m[0m user_labels           = {
              [32m+[0m[0m "component"   = "nexus-iq-ha-database"
              [32m+[0m[0m "cost-center" = "engineering"
              [32m+[0m[0m "environment" = "prod"
              [32m+[0m[0m "managed-by"  = "terraform"
              [32m+[0m[0m "team"        = "platform"
            }
          [32m+[0m[0m version               = (known after apply)

          [32m+[0m[0m backup_configuration {
              [32m+[0m[0m enabled                        = true
              [32m+[0m[0m location                       = "us-central1"
              [32m+[0m[0m point_in_time_recovery_enabled = true
              [32m+[0m[0m start_time                     = "03:00"
              [32m+[0m[0m transaction_log_retention_days = 7

              [32m+[0m[0m backup_retention_settings {
                  [32m+[0m[0m retained_backups = 7
                  [32m+[0m[0m retention_unit   = "COUNT"
                }
            }

          [32m+[0m[0m database_flags {
              [32m+[0m[0m name  = "max_connections"
              [32m+[0m[0m value = "200"
            }

          [32m+[0m[0m insights_config {
              [32m+[0m[0m query_insights_enabled  = true
              [32m+[0m[0m query_plans_per_minute  = (known after apply)
              [32m+[0m[0m query_string_length     = 1024
              [32m+[0m[0m record_application_tags = true
              [32m+[0m[0m record_client_address   = true
            }

          [32m+[0m[0m ip_configuration {
              [32m+[0m[0m ipv4_enabled    = false
              [32m+[0m[0m private_network = (known after apply)
              [32m+[0m[0m server_ca_mode  = (known after apply)
              [32m+[0m[0m ssl_mode        = "ENCRYPTED_ONLY"
            }

          [32m+[0m[0m maintenance_window {
              [32m+[0m[0m day          = 7
              [32m+[0m[0m hour         = 4
              [32m+[0m[0m update_track = "stable"
            }
        }
    }

[1m  # google_sql_database_instance.iq_ha_db_replica[0][0m will be created
[0m  [32m+[0m[0m resource "google_sql_database_instance" "iq_ha_db_replica" {
      [32m+[0m[0m available_maintenance_versions = (known after apply)
      [32m+[0m[0m connection_name                = (known after apply)
      [32m+[0m[0m database_version               = "POSTGRES_15"
      [32m+[0m[0m deletion_protection            = false
      [32m+[0m[0m dns_name                       = (known after apply)
      [32m+[0m[0m encryption_key_name            = (known after apply)
      [32m+[0m[0m first_ip_address               = (known after apply)
      [32m+[0m[0m id                             = (known after apply)
      [32m+[0m[0m instance_type                  = (known after apply)
      [32m+[0m[0m ip_address                     = (known after apply)
      [32m+[0m[0m maintenance_version            = (known after apply)
      [32m+[0m[0m master_instance_name           = (known after apply)
      [32m+[0m[0m name                           = (known after apply)
      [32m+[0m[0m private_ip_address             = (known after apply)
      [32m+[0m[0m project                        = "nxrm-support-gcp-deployments"
      [32m+[0m[0m psc_service_attachment_link    = (known after apply)
      [32m+[0m[0m public_ip_address              = (known after apply)
      [32m+[0m[0m region                         = "us-central1"
      [32m+[0m[0m self_link                      = (known after apply)
      [32m+[0m[0m server_ca_cert                 = (sensitive value)
      [32m+[0m[0m service_account_email_address  = (known after apply)

      [32m+[0m[0m replica_configuration {
          [32m+[0m[0m failover_target = false
        }

      [32m+[0m[0m settings {
          [32m+[0m[0m activation_policy     = "ALWAYS"
          [32m+[0m[0m availability_type     = "ZONAL"
          [32m+[0m[0m connector_enforcement = (known after apply)
          [32m+[0m[0m disk_autoresize       = true
          [32m+[0m[0m disk_autoresize_limit = 0
          [32m+[0m[0m disk_size             = 100
          [32m+[0m[0m disk_type             = "PD_SSD"
          [32m+[0m[0m edition               = "ENTERPRISE"
          [32m+[0m[0m pricing_plan          = "PER_USE"
          [32m+[0m[0m tier                  = "db-custom-2-7680"
          [32m+[0m[0m user_labels           = {
              [32m+[0m[0m "component"   = "nexus-iq-ha-database-replica"
              [32m+[0m[0m "cost-center" = "engineering"
              [32m+[0m[0m "environment" = "prod"
              [32m+[0m[0m "managed-by"  = "terraform"
              [32m+[0m[0m "team"        = "platform"
            }
          [32m+[0m[0m version               = (known after apply)

          [32m+[0m[0m insights_config {
              [32m+[0m[0m query_insights_enabled  = true
              [32m+[0m[0m query_plans_per_minute  = (known after apply)
              [32m+[0m[0m query_string_length     = 1024
              [32m+[0m[0m record_application_tags = true
              [32m+[0m[0m record_client_address   = true
            }

          [32m+[0m[0m ip_configuration {
              [32m+[0m[0m ipv4_enabled    = false
              [32m+[0m[0m private_network = (known after apply)
              [32m+[0m[0m server_ca_mode  = (known after apply)
              [32m+[0m[0m ssl_mode        = "ENCRYPTED_ONLY"
            }
        }
    }

[1m  # google_sql_ssl_cert.iq_ha_client_cert[0m will be created
[0m  [32m+[0m[0m resource "google_sql_ssl_cert" "iq_ha_client_cert" {
      [32m+[0m[0m cert               = (sensitive value)
      [32m+[0m[0m cert_serial_number = (known after apply)
      [32m+[0m[0m common_name        = "nexus-iq-ha-client-cert"
      [32m+[0m[0m create_time        = (known after apply)
      [32m+[0m[0m expiration_time    = (known after apply)
      [32m+[0m[0m id                 = (known after apply)
      [32m+[0m[0m instance           = (known after apply)
      [32m+[0m[0m private_key        = (sensitive value)
      [32m+[0m[0m project            = "nxrm-support-gcp-deployments"
      [32m+[0m[0m server_ca_cert     = (sensitive value)
      [32m+[0m[0m sha1_fingerprint   = (known after apply)
    }

[1m  # google_sql_user.iq_ha_db_user[0m will be created
[0m  [32m+[0m[0m resource "google_sql_user" "iq_ha_db_user" {
      [32m+[0m[0m host                    = (known after apply)
      [32m+[0m[0m id                      = (known after apply)
      [32m+[0m[0m instance                = (known after apply)
      [32m+[0m[0m name                    = "nexusiq"
      [32m+[0m[0m password                = (sensitive value)
      [32m+[0m[0m project                 = "nxrm-support-gcp-deployments"
      [32m+[0m[0m sql_server_user_details = (known after apply)
    }

[1m  # random_string.suffix[0m will be created
[0m  [32m+[0m[0m resource "random_string" "suffix" {
      [32m+[0m[0m id          = (known after apply)
      [32m+[0m[0m length      = 8
      [32m+[0m[0m lower       = true
      [32m+[0m[0m min_lower   = 0
      [32m+[0m[0m min_numeric = 0
      [32m+[0m[0m min_special = 0
      [32m+[0m[0m min_upper   = 0
      [32m+[0m[0m number      = true
      [32m+[0m[0m numeric     = true
      [32m+[0m[0m result      = (known after apply)
      [32m+[0m[0m special     = false
      [32m+[0m[0m upper       = false
    }

[1mPlan:[0m 71 to add, 0 to change, 0 to destroy.
[0m
Changes to Outputs:
  [32m+[0m[0m autoscaler_id                       = (known after apply)
  [32m+[0m[0m availability_zones                  = [
      [32m+[0m[0m "us-central1-a",
      [32m+[0m[0m "us-central1-b",
      [32m+[0m[0m "us-central1-c",
    ]
  [32m+[0m[0m compute_service_account_email       = (known after apply)
  [32m+[0m[0m database_connection_name            = (known after apply)
  [32m+[0m[0m database_name                       = "nexusiq"
  [32m+[0m[0m database_private_ip                 = (sensitive value)
  [32m+[0m[0m database_replica_connection_name    = (known after apply)
  [32m+[0m[0m db_credentials_secret_id            = (sensitive value)
  [32m+[0m[0m db_password_secret_id               = (sensitive value)
  [32m+[0m[0m deployment_region                   = "us-central1"
  [32m+[0m[0m deployment_summary                  = {
      [32m+[0m[0m auto_scaling_enabled = true
      [32m+[0m[0m backup_enabled       = true
      [32m+[0m[0m database_ha          = "REGIONAL"
      [32m+[0m[0m database_type        = "PostgreSQL POSTGRES_15"
      [32m+[0m[0m load_balancer_url    = (known after apply)
      [32m+[0m[0m max_instances        = 6
      [32m+[0m[0m min_instances        = 2
      [32m+[0m[0m monitoring_enabled   = true
      [32m+[0m[0m ssl_enabled          = true
    }
  [32m+[0m[0m filestore_ip                        = (known after apply)
  [32m+[0m[0m filestore_name                      = (known after apply)
  [32m+[0m[0m health_check_id                     = (known after apply)
  [32m+[0m[0m instance_group_manager_id           = (known after apply)
  [32m+[0m[0m instance_group_manager_name         = "ref-arch-iq-ha-mig"
  [32m+[0m[0m instance_template_id                = (known after apply)
  [32m+[0m[0m lb_health_check_id                  = (known after apply)
  [32m+[0m[0m load_balancer_admin_url             = (known after apply)
  [32m+[0m[0m load_balancer_ip                    = (known after apply)
  [32m+[0m[0m load_balancer_service_account_email = (known after apply)
  [32m+[0m[0m load_balancer_url                   = (known after apply)
  [32m+[0m[0m max_instances                       = 6
  [32m+[0m[0m min_instances                       = 2
  [32m+[0m[0m monitoring_dashboard_id             = (known after apply)
  [32m+[0m[0m nfs_mount_point                     = (known after apply)
  [32m+[0m[0m private_subnet_ids                  = [
      [32m+[0m[0m (known after apply),
      [32m+[0m[0m (known after apply),
      [32m+[0m[0m (known after apply),
    ]
  [32m+[0m[0m private_subnet_names                = [
      [32m+[0m[0m "ref-arch-iq-ha-private-subnet-us-central1-a",
      [32m+[0m[0m "ref-arch-iq-ha-private-subnet-us-central1-b",
      [32m+[0m[0m "ref-arch-iq-ha-private-subnet-us-central1-c",
    ]
  [32m+[0m[0m project_id                          = "nxrm-support-gcp-deployments"
  [32m+[0m[0m target_instances                    = 2
  [32m+[0m[0m uptime_check_id                     = (known after apply)
  [32m+[0m[0m vpc_id                              = (known after apply)
  [32m+[0m[0m vpc_name                            = "ref-arch-iq-ha-vpc"
[90m
─────────────────────────────────────────────────────────────────────────────[0m

Saved the plan to:
/Users/josemiguelromeroespitia/Documents/sonatype/sca-example-terraform/infra-gcp-ha/tfplan-ha-20251002-135129

To perform exactly these actions, run the following command to apply:
    terraform apply "/Users/josemiguelromeroespitia/Documents/sonatype/sca-example-terraform/infra-gcp-ha/tfplan-ha-20251002-135129"
